<?xml version="1.0" encoding="UTF-8"?>
<!-- Generated by org.testng.reporters.JUnitReportReporter -->
<testsuite hostname="DESKTOP-IA81GD4" failures="0" tests="1" name="com.parasoftbank.BillPay" time="9.619" errors="0" timestamp="2022-07-24T01:09:45 EDT" skipped="0">
  <testcase classname="com.parasoftbank.BillPay" name="ClickOnBillPay" time="9.619"/>
  <system-out/>
</testsuite> <!-- com.parasoftbank.BillPay -->
