<?xml version="1.0" encoding="UTF-8"?>
<!-- Generated by org.testng.reporters.JUnitReportReporter -->
<testsuite hostname="DESKTOP-IA81GD4" failures="0" tests="1" name="com.parasoftbank.SignOut" time="6.368" errors="0" timestamp="2022-07-28T14:27:32 EDT" skipped="0">
  <testcase classname="com.parasoftbank.SignOut" name="ClickOnSignOut" time="6.368"/>
  <system-out/>
</testsuite> <!-- com.parasoftbank.SignOut -->
