<?xml version="1.0" encoding="UTF-8"?>
<!-- Generated by org.testng.reporters.JUnitReportReporter -->
<testsuite hostname="DESKTOP-IA81GD4" failures="0" tests="1" name="com.parasoftbank.Service" time="6.189" errors="0" timestamp="2022-08-19T00:17:40 EDT" skipped="0">
  <testcase classname="com.parasoftbank.Service" name="ClickOnService" time="6.189"/>
  <system-out/>
</testsuite> <!-- com.parasoftbank.Service -->
