<?xml version="1.0" encoding="UTF-8"?>
<!-- Generated by org.testng.reporters.JUnitReportReporter -->
<testsuite hostname="DESKTOP-IA81GD4" failures="0" tests="1" name="com.parasoftbank.home" time="8.272" errors="0" timestamp="2022-07-22T18:58:33 EDT" skipped="0">
  <testcase classname="com.parasoftbank.home" name="test16" time="8.272"/>
  <system-out/>
</testsuite> <!-- com.parasoftbank.home -->
