<?xml version="1.0" encoding="UTF-8"?>
<!-- Generated by org.testng.reporters.JUnitReportReporter -->
<testsuite hostname="DESKTOP-IA81GD4" failures="0" tests="1" name="com.parasoftbank.EnterBillPayeeInformation" time="7.501" errors="0" timestamp="2022-07-18T23:57:12 EDT" skipped="0">
  <testcase classname="com.parasoftbank.EnterBillPayeeInformation" name="test10" time="7.501"/>
  <system-out/>
</testsuite> <!-- com.parasoftbank.EnterBillPayeeInformation -->
