<?xml version="1.0" encoding="UTF-8"?>
<!-- Generated by org.testng.reporters.JUnitReportReporter -->
<testsuite hostname="DESKTOP-IA81GD4" failures="0" tests="1" name="com.parasoftbank.aboutUs" time="6.131" errors="0" timestamp="2022-07-23T00:07:50 EDT" skipped="0">
  <testcase classname="com.parasoftbank.aboutUs" name="ClickOnAboutUs" time="6.131"/>
  <system-out/>
</testsuite> <!-- com.parasoftbank.aboutUs -->
