<?xml version="1.0" encoding="UTF-8"?>
<!-- Generated by org.testng.reporters.JUnitReportReporter -->
<testsuite hostname="DESKTOP-IA81GD4" failures="0" tests="1" name="com.parasoftbank.BankNews" time="10.243" errors="0" timestamp="2022-08-19T00:17:40 EDT" skipped="0">
  <testcase classname="com.parasoftbank.BankNews" name="ClickOnBankNews" time="10.243"/>
  <system-out/>
</testsuite> <!-- com.parasoftbank.BankNews -->
