<?xml version="1.0" encoding="UTF-8"?>
<!-- Generated by org.testng.reporters.JUnitReportReporter -->
<testsuite hostname="DESKTOP-IA81GD4" failures="0" tests="1" name="com.parasoftbank.Login" time="5.160" errors="0" timestamp="2022-07-16T20:03:09 EDT" skipped="0">
  <testcase classname="com.parasoftbank.Login" name="test3" time="5.160"/>
  <system-out/>
</testsuite> <!-- com.parasoftbank.Login -->
