<?xml version="1.0" encoding="UTF-8"?>
<!-- Generated by org.testng.reporters.JUnitReportReporter -->
<testsuite hostname="DESKTOP-IA81GD4" failures="0" tests="1" name="com.parasoftbank.SignOut" time="6.810" errors="0" timestamp="2022-07-17T02:00:43 EDT" skipped="0">
  <testcase classname="com.parasoftbank.SignOut" name="test19" time="6.810"/>
  <system-out/>
</testsuite> <!-- com.parasoftbank.SignOut -->
