<?xml version="1.0" encoding="UTF-8"?>
<!-- Generated by org.testng.reporters.JUnitReportReporter -->
<testsuite hostname="DESKTOP-IA81GD4" failures="0" tests="1" name="com.parasoftbank.Title" time="22.689" errors="0" timestamp="2022-07-19T01:04:43 EDT" skipped="0">
  <testcase classname="com.parasoftbank.Title" name="test19" time="22.689"/>
  <system-out/>
</testsuite> <!-- com.parasoftbank.Title -->
