<?xml version="1.0" encoding="UTF-8"?>
<!-- Generated by org.testng.reporters.JUnitReportReporter -->
<testsuite hostname="DESKTOP-IA81GD4" failures="0" tests="1" name="com.parasoftbank.requestLoan" time="6.472" errors="0" timestamp="2022-07-18T23:57:12 EDT" skipped="0">
  <testcase classname="com.parasoftbank.requestLoan" name="test11" time="6.472"/>
  <system-out/>
</testsuite> <!-- com.parasoftbank.requestLoan -->
