<?xml version="1.0" encoding="UTF-8"?>
<!-- Generated by org.testng.reporters.JUnitReportReporter -->
<testsuite hostname="DESKTOP-IA81GD4" failures="0" tests="1" name="com.parasoftbank.FindTransactions" time="5.906" errors="0" timestamp="2022-07-17T02:00:43 EDT" skipped="0">
  <testcase classname="com.parasoftbank.FindTransactions" name="test14" time="5.906"/>
  <system-out/>
</testsuite> <!-- com.parasoftbank.FindTransactions -->
