<?xml version="1.0" encoding="UTF-8"?>
<!-- Generated by org.testng.reporters.JUnitReportReporter -->
<testsuite hostname="DESKTOP-IA81GD4" failures="0" tests="1" name="com.parasoftbank.TransferFund" time="5.928" errors="0" timestamp="2022-07-17T02:00:43 EDT" skipped="0">
  <testcase classname="com.parasoftbank.TransferFund" name="test12" time="5.928"/>
  <system-out/>
</testsuite> <!-- com.parasoftbank.TransferFund -->
