<?xml version="1.0" encoding="UTF-8"?>
<!-- Generated by org.testng.reporters.JUnitReportReporter -->
<testsuite hostname="DESKTOP-IA81GD4" failures="0" tests="1" name="com.parasoftbank.FindTransactions" time="7.246" errors="0" timestamp="2022-07-22T18:58:33 EDT" skipped="0">
  <testcase classname="com.parasoftbank.FindTransactions" name="test14" time="7.246"/>
  <system-out/>
</testsuite> <!-- com.parasoftbank.FindTransactions -->
