<?xml version="1.0" encoding="UTF-8"?>
<!-- Generated by org.testng.reporters.JUnitReportReporter -->
<testsuite hostname="DESKTOP-IA81GD4" failures="0" tests="1" name="com.parasoftbank.requestLoan" time="7.659" errors="0" timestamp="2022-07-17T02:00:43 EDT" skipped="0">
  <testcase classname="com.parasoftbank.requestLoan" name="test11" time="7.659"/>
  <system-out/>
</testsuite> <!-- com.parasoftbank.requestLoan -->
