<?xml version="1.0" encoding="UTF-8"?>
<!-- Generated by org.testng.reporters.JUnitReportReporter -->
<testsuite hostname="DESKTOP-IA81GD4" failures="0" tests="1" name="com.parasoftbank.BankNews" time="5.388" errors="0" timestamp="2022-07-19T01:04:43 EDT" skipped="0">
  <testcase classname="com.parasoftbank.BankNews" name="test5" time="5.388"/>
  <system-out/>
</testsuite> <!-- com.parasoftbank.BankNews -->
